
Showing logs for build [32mjstrachan-environment-kind-stag-4s6nf-1[0m stage [32mrelease[0m and container [32mstep-credential-initializer-ll6w9[0m
{"level":"warn","ts":1583930328.9847693,"logger":"fallback-logger","caller":"logging/config.go:69","msg":"Fetch GitHub commit ID from kodata failed: \"ref: refs/heads/0.8.0-**-support-backwards-incompats\" is not a valid GitHub commit ID"}
{"level":"info","ts":1583930328.9906545,"logger":"fallback-logger","caller":"creds-init/main.go:40","msg":"Credentials initialized."}

Showing logs for build [32mjstrachan-environment-kind-stag-4s6nf-1[0m stage [32mrelease[0m and container [32mstep-working-dir-initializer-nzdbn[0m
{"level":"warn","ts":1583930330.4016318,"logger":"fallback-logger","caller":"logging/config.go:69","msg":"Fetch GitHub commit ID from kodata failed: open /var/run/ko/HEAD: no such file or directory"}
{"level":"info","ts":1583930330.407462,"logger":"fallback-logger","caller":"bash/main.go:64","msg":"Successfully executed command \"sh -c mkdir -p /workspace/source\"; output "}

Showing logs for build [32mjstrachan-environment-kind-stag-4s6nf-1[0m stage [32mrelease[0m and container [32mstep-place-tools[0m

Showing logs for build [32mjstrachan-environment-kind-stag-4s6nf-1[0m stage [32mrelease[0m and container [32mstep-git-source-jstrachan-environment-kind-stag-4s6nf-djflk[0m
{"level":"warn","ts":1583930814.4173937,"logger":"fallback-logger","caller":"logging/config.go:69","msg":"Fetch GitHub commit ID from kodata failed: \"ref: refs/heads/0.8.0-**-support-backwards-incompats\" is not a valid GitHub commit ID"}
{"level":"info","ts":1583930819.2413,"logger":"fallback-logger","caller":"git/git.go:103","msg":"Successfully cloned https://github.com/*********/environment-kind-staging.git @ v0.0.2 in path /workspace/source"}

Showing logs for build [32mjstrachan-environment-kind-stag-4s6nf-1[0m stage [32mrelease[0m and container [32mstep-git-merge[0m
Using SHAs from PULL_REFS=master:
WARNING: no SHAs to merge, falling back to initial cloned commit

Showing logs for build [32mjstrachan-environment-kind-stag-4s6nf-1[0m stage [32mrelease[0m and container [32mstep-validate-git[0m
Git configured for user: jenkins-x-bot and email jenkins-x@googlegroups.com

Showing logs for build [32mjstrachan-environment-kind-stag-4s6nf-1[0m stage [32mrelease[0m and container [32mstep-verify-preinstall[0m
disabling ** step verify preinstall as using a local environment

Showing logs for build [32mjstrachan-environment-kind-stag-4s6nf-1[0m stage [32mrelease[0m and container [32mstep-install-jx-crds[0m
Jenkins X CRDs upgraded with success

Showing logs for build [32mjstrachan-environment-kind-stag-4s6nf-1[0m stage [32mrelease[0m and container [32mstep-generate-helmfile[0m

Showing logs for build [32mjstrachan-environment-kind-stag-4s6nf-1[0m stage [32mrelease[0m and container [32mstep-helmfile-system[0m
Adding repo jenkins-x https://storage.googleapis.com/chartmuseum.jenkins-x.io
"jenkins-x" has been added to your repositories

Adding repo zloeber git+https://github.com/rawlingsj/helm-namespace@chart
"zloeber" has been added to your repositories

Updating repo
Hang tight while we grab the latest from your chart repositories...
...Successfully got an update from the "zloeber" chart repository
...Successfully got an update from the "jenkins-x" chart repository
Update Complete. ⎈ Happy Helming!⎈ 

Affected releases are:
  empty (jenkins-x/empty) UPDATED
  namespace-**-staging (zloeber/namespace) UPDATED

Upgrading release=namespace-**-staging, chart=zloeber/namespace
Release "namespace-**-staging" does not exist. Installing it now.
Listing releases matching ^namespace-**-staging$
NAME: namespace-**-staging
LAST DEPLOYED: Wed Mar 11 12:50:17 2020
NAMESPACE: **
STATUS: deployed
REVISION: 1
TEST SUITE: None

namespace-**-staging	**       	1       	2020-03-11 12:50:17.5605016 +0000 UTC	deployed	namespace-0.1.0	0.1.0      

Upgrading release=empty, chart=jenkins-x/empty
Listing releases matching ^empty$
Release "empty" does not exist. Installing it now.
NAME: empty
LAST DEPLOYED: Wed Mar 11 12:51:27 2020
NAMESPACE: **-staging
STATUS: deployed
REVISION: 1
TEST SUITE: None

empty	**-staging	1       	2020-03-11 12:51:27.4915116 +0000 UTC	deployed	empty-0.0.3	           


UPDATED RELEASES:
NAME                   CHART               VERSION
namespace-**-staging   zloeber/namespace     0.1.0
empty                  jenkins-x/empty       0.0.3


Showing logs for build [32mjstrachan-environment-kind-stag-4s6nf-1[0m stage [32mrelease[0m and container [32mstep-verify-ingress[0m

Showing logs for build [32mjstrachan-environment-kind-stag-4s6nf-1[0m stage [32mrelease[0m and container [32mstep-helmfile-apps[0m
Adding repo jenkins-x https://storage.googleapis.com/chartmuseum.jenkins-x.io
"jenkins-x" has been added to your repositories

Adding repo zloeber git+https://github.com/rawlingsj/helm-namespace@chart
"zloeber" has been added to your repositories

Updating repo
Hang tight while we grab the latest from your chart repositories...
...Successfully got an update from the "zloeber" chart repository
...Successfully got an update from the "jenkins-x" chart repository
Update Complete. ⎈ Happy Helming!⎈ 

Affected releases are:
  namespace-**-staging (zloeber/namespace) UPDATED
  nodey430 (jenkins-x/nodey430) UPDATED

Upgrading release=namespace-**-staging, chart=zloeber/namespace
Release "namespace-**-staging" has been upgraded. Happy Helming!
NAME: namespace-**-staging
LAST DEPLOYED: Wed Mar 11 12:52:17 2020
NAMESPACE: **
STATUS: deployed
REVISION: 2
TEST SUITE: None

Listing releases matching ^namespace-**-staging$
namespace-**-staging	**       	2       	2020-03-11 12:52:17.6724648 +0000 UTC	deployed	namespace-0.1.0	0.1.0      

Upgrading release=nodey430, chart=jenkins-x/nodey430

UPDATED RELEASES:
NAME                   CHART               VERSION
namespace-**-staging   zloeber/namespace     0.1.0


FAILED RELEASES:
NAME
nodey430
in ./helmfile.yaml: failed processing release nodey430: helm exited with status 1:
  Error: failed to download "jenkins-x/nodey430" (hint: running `helm repo update` may help)
[31m
Pipeline failed on stage 'release' : container 'step-helmfile-apps'. The execution of the pipeline has stopped.[0m
